Using pre-set license
Built from '2021.3/staging' branch; Version is '2021.3.2f1 (d6360bedb9a0) revision 14038539'; Using compiler version '192829333'; Build Type 'Release'
OS: 'Windows 10  (10.0.19045) 64bit CoreSingleLanguage' Language: 'ru' Physical Memory: 15790 MB
BatchMode: 1, IsHumanControllingUs: 0, StartBugReporterOnCrash: 0, Is64bit: 1, IsPro: 1

COMMAND LINE ARGUMENTS:
C:\Program Files\Unity\Hub\Editor\2021.3.2f1\Editor\Unity.exe
-adb2
-batchMode
-noUpm
-name
AssetImportWorker3
-projectPath
D:/Projects/3Dproject/My project
-logFile
Logs/AssetImportWorker3.log
-srvPort
54948
Successfully changed project path to: D:/Projects/3Dproject/My project
D:/Projects/3Dproject/My project
[UnityMemory] Configuration Parameters - Can be set up in boot.config
    "memorysetup-bucket-allocator-granularity=16"
    "memorysetup-bucket-allocator-bucket-count=8"
    "memorysetup-bucket-allocator-block-size=33554432"
    "memorysetup-bucket-allocator-block-count=8"
    "memorysetup-main-allocator-block-size=16777216"
    "memorysetup-thread-allocator-block-size=16777216"
    "memorysetup-gfx-main-allocator-block-size=16777216"
    "memorysetup-gfx-thread-allocator-block-size=16777216"
    "memorysetup-cache-allocator-block-size=4194304"
    "memorysetup-typetree-allocator-block-size=2097152"
    "memorysetup-profiler-bucket-allocator-granularity=16"
    "memorysetup-profiler-bucket-allocator-bucket-count=8"
    "memorysetup-profiler-bucket-allocator-block-size=33554432"
    "memorysetup-profiler-bucket-allocator-block-count=8"
    "memorysetup-profiler-allocator-block-size=16777216"
    "memorysetup-profiler-editor-allocator-block-size=1048576"
    "memorysetup-temp-allocator-size-main=16777216"
    "memorysetup-job-temp-allocator-block-size=2097152"
    "memorysetup-job-temp-allocator-block-size-background=1048576"
    "memorysetup-job-temp-allocator-reduction-small-platforms=262144"
    "memorysetup-temp-allocator-size-background-worker=32768"
    "memorysetup-temp-allocator-size-job-worker=262144"
    "memorysetup-temp-allocator-size-preload-manager=33554432"
    "memorysetup-temp-allocator-size-nav-mesh-worker=65536"
    "memorysetup-temp-allocator-size-audio-worker=65536"
    "memorysetup-temp-allocator-size-cloud-worker=32768"
    "memorysetup-temp-allocator-size-gi-baking-worker=262144"
    "memorysetup-temp-allocator-size-gfx=262144"
Refreshing native plugins compatible for Editor in 70.38 ms, found 3 plugins.
Preloading 0 native plugins for Editor in 0.00 ms.
Initialize engine version: 2021.3.2f1 (d6360bedb9a0)
[Subsystems] Discovering subsystems at path C:/Program Files/Unity/Hub/Editor/2021.3.2f1/Editor/Data/Resources/UnitySubsystems
[Subsystems] Discovering subsystems at path D:/Projects/3Dproject/My project/Assets
GfxDevice: creating device client; threaded=0; jobified=0
Direct3D:
    Version:  Direct3D 11.0 [level 11.1]
    Renderer: NVIDIA GeForce RTX 3060 Laptop GPU (ID=0x2520)
    Vendor:   NVIDIA
    VRAM:     6009 MB
    Driver:   31.0.15.3623
Initialize mono
Mono path[0] = 'C:/Program Files/Unity/Hub/Editor/2021.3.2f1/Editor/Data/Managed'
Mono path[1] = 'C:/Program Files/Unity/Hub/Editor/2021.3.2f1/Editor/Data/MonoBleedingEdge/lib/mono/unityjit-win32'
Mono config path = 'C:/Program Files/Unity/Hub/Editor/2021.3.2f1/Editor/Data/MonoBleedingEdge/etc'
Using monoOptions --debugger-agent=transport=dt_socket,embedding=1,server=y,suspend=n,address=127.0.0.1:56548
Begin MonoManager ReloadAssembly
Registering precompiled unity dll's ...
Register platform support module: C:/Program Files/Unity/Hub/Editor/2021.3.2f1/Editor/Data/PlaybackEngines/WindowsStandaloneSupport/UnityEditor.WindowsStandalone.Extensions.dll
Registered in 0.006686 seconds.
Native extension for WindowsStandalone target not found
Refreshing native plugins compatible for Editor in 65.67 ms, found 3 plugins.
Preloading 0 native plugins for Editor in 0.00 ms.
Mono: successfully reloaded assembly
- Completed reload, in  0.502 seconds
Domain Reload Profiling:
	ReloadAssembly (503ms)
		BeginReloadAssembly (62ms)
			ExecutionOrderSort (0ms)
			DisableScriptedObjects (0ms)
			BackupInstance (0ms)
			ReleaseScriptingObjects (0ms)
			CreateAndSetChildDomain (1ms)
		EndReloadAssembly (348ms)
			LoadAssemblies (59ms)
			RebuildTransferFunctionScriptingTraits (0ms)
			SetupTypeCache (81ms)
			ReleaseScriptCaches (0ms)
			RebuildScriptCaches (21ms)
			SetupLoadedEditorAssemblies (205ms)
				LogAssemblyErrors (0ms)
				InitializePlatformSupportModulesInManaged (7ms)
				SetLoadedEditorAssemblies (0ms)
				RefreshPlugins (66ms)
				BeforeProcessingInitializeOnLoad (1ms)
				ProcessInitializeOnLoadAttributes (94ms)
				ProcessInitializeOnLoadMethodAttributes (37ms)
				AfterProcessingInitializeOnLoad (0ms)
				EditorAssembliesLoaded (0ms)
			ExecutionOrderSort2 (0ms)
			AwakeInstancesAfterBackupRestoration (0ms)
Platform modules already initialized, skipping
Registering precompiled user dll's ...
Registered in 0.003750 seconds.
Begin MonoManager ReloadAssembly
Symbol file LoadedFromMemory doesn't match image D:\Projects\3Dproject\My project\Library\PackageCache\com.unity.visualscripting@1.7.6\Editor\VisualScripting.Core\Dependencies\YamlDotNet\Unity.VisualScripting.YamlDotNet.dll
Symbol file LoadedFromMemory doesn't match image D:\Projects\3Dproject\My project\Library\PackageCache\com.unity.visualscripting@1.7.6\Editor\VisualScripting.Core\Dependencies\DotNetZip\Unity.VisualScripting.IonicZip.dll
Native extension for WindowsStandalone target not found
Refreshing native plugins compatible for Editor in 0.55 ms, found 3 plugins.
Preloading 0 native plugins for Editor in 0.00 ms.
Mono: successfully reloaded assembly
- Completed reload, in  0.789 seconds
Domain Reload Profiling:
	ReloadAssembly (790ms)
		BeginReloadAssembly (98ms)
			ExecutionOrderSort (0ms)
			DisableScriptedObjects (5ms)
			BackupInstance (0ms)
			ReleaseScriptingObjects (0ms)
			CreateAndSetChildDomain (18ms)
		EndReloadAssembly (602ms)
			LoadAssemblies (68ms)
			RebuildTransferFunctionScriptingTraits (0ms)
			SetupTypeCache (185ms)
			ReleaseScriptCaches (0ms)
			RebuildScriptCaches (36ms)
			SetupLoadedEditorAssemblies (288ms)
				LogAssemblyErrors (0ms)
				InitializePlatformSupportModulesInManaged (5ms)
				SetLoadedEditorAssemblies (0ms)
				RefreshPlugins (1ms)
				BeforeProcessingInitializeOnLoad (71ms)
				ProcessInitializeOnLoadAttributes (179ms)
				ProcessInitializeOnLoadMethodAttributes (24ms)
				AfterProcessingInitializeOnLoad (9ms)
				EditorAssembliesLoaded (0ms)
			ExecutionOrderSort2 (0ms)
			AwakeInstancesAfterBackupRestoration (8ms)
Platform modules already initialized, skipping
========================================================================
Worker process is ready to serve import requests
Launched and connected shader compiler UnityShaderCompiler.exe after 0.05 seconds
Refreshing native plugins compatible for Editor in 0.99 ms, found 3 plugins.
Preloading 0 native plugins for Editor in 0.00 ms.
Unloading 3360 Unused Serialized files (Serialized files now loaded: 0)
Unloading 26 unused Assets / (112.4 KB). Loaded Objects now: 3817.
Memory consumption went from 115.8 MB to 115.7 MB.
Total: 4.976900 ms (FindLiveObjects: 0.598500 ms CreateObjectMapping: 0.453000 ms MarkObjects: 3.812800 ms  DeleteObjects: 0.111200 ms)

AssetImportParameters requested are different than current active one (requested -> active):
  custom:video-decoder-ogg-theora: a1e56fd34408186e4bbccfd4996cb3dc -> 
  custom:container-muxer-webm: aa71ff27fc2769a1b78a27578f13a17b -> 
  custom:container-demuxer-webm: 4f35f7cbe854078d1ac9338744f61a02 -> 
  custom:video-encoder-webm-vp8: eb34c28f22e8b96e1ab97ce403110664 -> 
  custom:audio-encoder-webm-vorbis: bf7c407c2cedff20999df2af8eb42d56 -> 
  custom:framework-win-MediaFoundation: 216162199b28c13a410421893ffa2e32 -> 
  custom:container-demuxer-ogg: 62fdf1f143b41e24485cea50d1cbac27 -> 
  custom:video-decoder-webm-vp8: 9c59270c3fd7afecdb556c50c9e8de78 -> 
  custom:audio-decoder-ogg-vorbis: bf7c407c2cedff20999df2af8eb42d56 -> 
========================================================================
Received Import Request.
  Time since last request: 515806.305552 seconds.
  path: Assets/models/lock/textures/Friedmann_Tim_Church_Ground_Diffuse.png
  artifactKey: Guid(2635707250cac954f9ac4a20d8d0890a) Importer(815301076,1909f56bfc062723c751e8b465ee728b)
Start importing Assets/models/lock/textures/Friedmann_Tim_Church_Ground_Diffuse.png using Guid(2635707250cac954f9ac4a20d8d0890a) Importer(815301076,1909f56bfc062723c751e8b465ee728b)  -> (artifact id: 'a27dd5db81103d8339d09ce7c4afe80d') in 0.085869 seconds 
========================================================================
Received Import Request.
  Time since last request: 0.000024 seconds.
  path: Assets/models/lock/textures/Friedmann_Tim_Rocks_Tilemap_Ao.png
  artifactKey: Guid(c4e755851d77f394fa4615d36373695a) Importer(815301076,1909f56bfc062723c751e8b465ee728b)
Start importing Assets/models/lock/textures/Friedmann_Tim_Rocks_Tilemap_Ao.png using Guid(c4e755851d77f394fa4615d36373695a) Importer(815301076,1909f56bfc062723c751e8b465ee728b)  -> (artifact id: '74326a7f23879f6b47387ac58a56d2bd') in 0.017429 seconds 
========================================================================
Received Import Request.
  Time since last request: 0.000034 seconds.
  path: Assets/models/lock/textures/Friedmann_Tim_Church_Trimsheet_Normal.png
  artifactKey: Guid(e68d87241906b5548a51dd9df6185c2b) Importer(815301076,1909f56bfc062723c751e8b465ee728b)
Start importing Assets/models/lock/textures/Friedmann_Tim_Church_Trimsheet_Normal.png using Guid(e68d87241906b5548a51dd9df6185c2b) Importer(815301076,1909f56bfc062723c751e8b465ee728b)  -> (artifact id: '4376ac21b0dbc5cf55b5b4253cb4eaa8') in 0.018098 seconds 
========================================================================
Received Import Request.
  Time since last request: 0.000045 seconds.
  path: Assets/models/lock/textures/Friedmann_Tim_Church_Ground_Roughness.png
  artifactKey: Guid(482b8e2adbc72c54bbff5d114ea45885) Importer(815301076,1909f56bfc062723c751e8b465ee728b)
Start importing Assets/models/lock/textures/Friedmann_Tim_Church_Ground_Roughness.png using Guid(482b8e2adbc72c54bbff5d114ea45885) Importer(815301076,1909f56bfc062723c751e8b465ee728b)  -> (artifact id: '4a673230d37025ecd033eda9c9c43032') in 0.017221 seconds 
========================================================================
Received Import Request.
  Time since last request: 0.000038 seconds.
  path: Assets/models/lock/textures/Friedmann_Tim_Rocks_Tilemap_Roughness.png
  artifactKey: Guid(862a509032ba6c14195b3d12dde2b33f) Importer(815301076,1909f56bfc062723c751e8b465ee728b)
Start importing Assets/models/lock/textures/Friedmann_Tim_Rocks_Tilemap_Roughness.png using Guid(862a509032ba6c14195b3d12dde2b33f) Importer(815301076,1909f56bfc062723c751e8b465ee728b)  -> (artifact id: 'b203ac0c1911254ad66ad82beb6ebb8f') in 0.015631 seconds 
========================================================================
Received Import Request.
  Time since last request: 0.000044 seconds.
  path: Assets/models/lock/textures/Friedmann_Tim_Pillar_Fence_Alpha.png
  artifactKey: Guid(618e489567ec2614e9497b6f2bc53da8) Importer(815301076,1909f56bfc062723c751e8b465ee728b)
Start importing Assets/models/lock/textures/Friedmann_Tim_Pillar_Fence_Alpha.png using Guid(618e489567ec2614e9497b6f2bc53da8) Importer(815301076,1909f56bfc062723c751e8b465ee728b)  -> (artifact id: '6dbc06769896c84521987a7213b5ac54') in 0.021218 seconds 
========================================================================
Received Import Request.
  Time since last request: 0.000028 seconds.
  path: Assets/models/lock/textures/internal_ground_ao_texture.jpeg
  artifactKey: Guid(8277065113077d247b4cb51e24539af3) Importer(815301076,1909f56bfc062723c751e8b465ee728b)
Start importing Assets/models/lock/textures/internal_ground_ao_texture.jpeg using Guid(8277065113077d247b4cb51e24539af3) Importer(815301076,1909f56bfc062723c751e8b465ee728b)  -> (artifact id: '03ca4cb1f43cc1cd208975d8b866dfde') in 0.015762 seconds 
========================================================================
Received Import Request.
  Time since last request: 0.000027 seconds.
  path: Assets/models/lock/textures/Friedmann_Tim_Pillar_Fence_Normal.png
  artifactKey: Guid(9db2e28ac414df242a63698ce4e36390) Importer(815301076,1909f56bfc062723c751e8b465ee728b)
Start importing Assets/models/lock/textures/Friedmann_Tim_Pillar_Fence_Normal.png using Guid(9db2e28ac414df242a63698ce4e36390) Importer(815301076,1909f56bfc062723c751e8b465ee728b)  -> (artifact id: '639b72dbf21e6159d0abf88b330d5b6a') in 0.016455 seconds 
Editor requested this worker to shutdown with reason: Scaling down because of idle timeout
AssetImportWorker is now disconnected from the server
Process exiting
Exiting without the bug reporter. Application will terminate with return code 0