Using pre-set license
Built from '2021.3/staging' branch; Version is '2021.3.2f1 (d6360bedb9a0) revision 14038539'; Using compiler version '192829333'; Build Type 'Release'
OS: 'Windows 10  (10.0.19045) 64bit CoreSingleLanguage' Language: 'ru' Physical Memory: 15790 MB
BatchMode: 1, IsHumanControllingUs: 0, StartBugReporterOnCrash: 0, Is64bit: 1, IsPro: 1

COMMAND LINE ARGUMENTS:
C:\Program Files\Unity\Hub\Editor\2021.3.2f1\Editor\Unity.exe
-adb2
-batchMode
-noUpm
-name
AssetImportWorker4
-projectPath
D:/Projects/3Dproject/My project
-logFile
Logs/AssetImportWorker4.log
-srvPort
54948
Successfully changed project path to: D:/Projects/3Dproject/My project
D:/Projects/3Dproject/My project
[UnityMemory] Configuration Parameters - Can be set up in boot.config
    "memorysetup-bucket-allocator-granularity=16"
    "memorysetup-bucket-allocator-bucket-count=8"
    "memorysetup-bucket-allocator-block-size=33554432"
    "memorysetup-bucket-allocator-block-count=8"
    "memorysetup-main-allocator-block-size=16777216"
    "memorysetup-thread-allocator-block-size=16777216"
    "memorysetup-gfx-main-allocator-block-size=16777216"
    "memorysetup-gfx-thread-allocator-block-size=16777216"
    "memorysetup-cache-allocator-block-size=4194304"
    "memorysetup-typetree-allocator-block-size=2097152"
    "memorysetup-profiler-bucket-allocator-granularity=16"
    "memorysetup-profiler-bucket-allocator-bucket-count=8"
    "memorysetup-profiler-bucket-allocator-block-size=33554432"
    "memorysetup-profiler-bucket-allocator-block-count=8"
    "memorysetup-profiler-allocator-block-size=16777216"
    "memorysetup-profiler-editor-allocator-block-size=1048576"
    "memorysetup-temp-allocator-size-main=16777216"
    "memorysetup-job-temp-allocator-block-size=2097152"
    "memorysetup-job-temp-allocator-block-size-background=1048576"
    "memorysetup-job-temp-allocator-reduction-small-platforms=262144"
    "memorysetup-temp-allocator-size-background-worker=32768"
    "memorysetup-temp-allocator-size-job-worker=262144"
    "memorysetup-temp-allocator-size-preload-manager=33554432"
    "memorysetup-temp-allocator-size-nav-mesh-worker=65536"
    "memorysetup-temp-allocator-size-audio-worker=65536"
    "memorysetup-temp-allocator-size-cloud-worker=32768"
    "memorysetup-temp-allocator-size-gi-baking-worker=262144"
    "memorysetup-temp-allocator-size-gfx=262144"
Refreshing native plugins compatible for Editor in 68.85 ms, found 3 plugins.
Preloading 0 native plugins for Editor in 0.00 ms.
Initialize engine version: 2021.3.2f1 (d6360bedb9a0)
[Subsystems] Discovering subsystems at path C:/Program Files/Unity/Hub/Editor/2021.3.2f1/Editor/Data/Resources/UnitySubsystems
[Subsystems] Discovering subsystems at path D:/Projects/3Dproject/My project/Assets
GfxDevice: creating device client; threaded=0; jobified=0
Direct3D:
    Version:  Direct3D 11.0 [level 11.1]
    Renderer: NVIDIA GeForce RTX 3060 Laptop GPU (ID=0x2520)
    Vendor:   NVIDIA
    VRAM:     6009 MB
    Driver:   31.0.15.3623
Initialize mono
Mono path[0] = 'C:/Program Files/Unity/Hub/Editor/2021.3.2f1/Editor/Data/Managed'
Mono path[1] = 'C:/Program Files/Unity/Hub/Editor/2021.3.2f1/Editor/Data/MonoBleedingEdge/lib/mono/unityjit-win32'
Mono config path = 'C:/Program Files/Unity/Hub/Editor/2021.3.2f1/Editor/Data/MonoBleedingEdge/etc'
Using monoOptions --debugger-agent=transport=dt_socket,embedding=1,server=y,suspend=n,address=127.0.0.1:56992
Begin MonoManager ReloadAssembly
Registering precompiled unity dll's ...
Register platform support module: C:/Program Files/Unity/Hub/Editor/2021.3.2f1/Editor/Data/PlaybackEngines/WindowsStandaloneSupport/UnityEditor.WindowsStandalone.Extensions.dll
Registered in 0.006782 seconds.
Native extension for WindowsStandalone target not found
Refreshing native plugins compatible for Editor in 66.18 ms, found 3 plugins.
Preloading 0 native plugins for Editor in 0.00 ms.
Mono: successfully reloaded assembly
- Completed reload, in  0.500 seconds
Domain Reload Profiling:
	ReloadAssembly (501ms)
		BeginReloadAssembly (63ms)
			ExecutionOrderSort (0ms)
			DisableScriptedObjects (0ms)
			BackupInstance (0ms)
			ReleaseScriptingObjects (0ms)
			CreateAndSetChildDomain (1ms)
		EndReloadAssembly (345ms)
			LoadAssemblies (60ms)
			RebuildTransferFunctionScriptingTraits (0ms)
			SetupTypeCache (74ms)
			ReleaseScriptCaches (0ms)
			RebuildScriptCaches (20ms)
			SetupLoadedEditorAssemblies (208ms)
				LogAssemblyErrors (0ms)
				InitializePlatformSupportModulesInManaged (7ms)
				SetLoadedEditorAssemblies (0ms)
				RefreshPlugins (66ms)
				BeforeProcessingInitializeOnLoad (1ms)
				ProcessInitializeOnLoadAttributes (93ms)
				ProcessInitializeOnLoadMethodAttributes (40ms)
				AfterProcessingInitializeOnLoad (0ms)
				EditorAssembliesLoaded (0ms)
			ExecutionOrderSort2 (0ms)
			AwakeInstancesAfterBackupRestoration (0ms)
Platform modules already initialized, skipping
Registering precompiled user dll's ...
Registered in 0.004064 seconds.
Begin MonoManager ReloadAssembly
Symbol file LoadedFromMemory doesn't match image D:\Projects\3Dproject\My project\Library\PackageCache\com.unity.visualscripting@1.7.6\Editor\VisualScripting.Core\Dependencies\YamlDotNet\Unity.VisualScripting.YamlDotNet.dll
Symbol file LoadedFromMemory doesn't match image D:\Projects\3Dproject\My project\Library\PackageCache\com.unity.visualscripting@1.7.6\Editor\VisualScripting.Core\Dependencies\DotNetZip\Unity.VisualScripting.IonicZip.dll
Native extension for WindowsStandalone target not found
Refreshing native plugins compatible for Editor in 0.56 ms, found 3 plugins.
Preloading 0 native plugins for Editor in 0.00 ms.
Mono: successfully reloaded assembly
- Completed reload, in  0.794 seconds
Domain Reload Profiling:
	ReloadAssembly (795ms)
		BeginReloadAssembly (95ms)
			ExecutionOrderSort (0ms)
			DisableScriptedObjects (4ms)
			BackupInstance (0ms)
			ReleaseScriptingObjects (0ms)
			CreateAndSetChildDomain (17ms)
		EndReloadAssembly (609ms)
			LoadAssemblies (70ms)
			RebuildTransferFunctionScriptingTraits (0ms)
			SetupTypeCache (187ms)
			ReleaseScriptCaches (0ms)
			RebuildScriptCaches (38ms)
			SetupLoadedEditorAssemblies (285ms)
				LogAssemblyErrors (0ms)
				InitializePlatformSupportModulesInManaged (5ms)
				SetLoadedEditorAssemblies (0ms)
				RefreshPlugins (1ms)
				BeforeProcessingInitializeOnLoad (70ms)
				ProcessInitializeOnLoadAttributes (176ms)
				ProcessInitializeOnLoadMethodAttributes (23ms)
				AfterProcessingInitializeOnLoad (9ms)
				EditorAssembliesLoaded (0ms)
			ExecutionOrderSort2 (0ms)
			AwakeInstancesAfterBackupRestoration (7ms)
Platform modules already initialized, skipping
========================================================================
Worker process is ready to serve import requests
Launched and connected shader compiler UnityShaderCompiler.exe after 0.05 seconds
Refreshing native plugins compatible for Editor in 0.63 ms, found 3 plugins.
Preloading 0 native plugins for Editor in 0.00 ms.
Unloading 3360 Unused Serialized files (Serialized files now loaded: 0)
Unloading 26 unused Assets / (112.4 KB). Loaded Objects now: 3817.
Memory consumption went from 115.8 MB to 115.7 MB.
Total: 2.751000 ms (FindLiveObjects: 0.235700 ms CreateObjectMapping: 0.076400 ms MarkObjects: 2.343700 ms  DeleteObjects: 0.094300 ms)

AssetImportParameters requested are different than current active one (requested -> active):
  custom:video-decoder-ogg-theora: a1e56fd34408186e4bbccfd4996cb3dc -> 
  custom:container-muxer-webm: aa71ff27fc2769a1b78a27578f13a17b -> 
  custom:container-demuxer-webm: 4f35f7cbe854078d1ac9338744f61a02 -> 
  custom:video-encoder-webm-vp8: eb34c28f22e8b96e1ab97ce403110664 -> 
  custom:audio-encoder-webm-vorbis: bf7c407c2cedff20999df2af8eb42d56 -> 
  custom:framework-win-MediaFoundation: 216162199b28c13a410421893ffa2e32 -> 
  custom:container-demuxer-ogg: 62fdf1f143b41e24485cea50d1cbac27 -> 
  custom:video-decoder-webm-vp8: 9c59270c3fd7afecdb556c50c9e8de78 -> 
  custom:audio-decoder-ogg-vorbis: bf7c407c2cedff20999df2af8eb42d56 -> 
========================================================================
Received Import Request.
  Time since last request: 515819.966790 seconds.
  path: Assets/models/lock/textures/New Material.mat
  artifactKey: Guid(89298e5b0d8427742af62e22233fb2ea) Importer(815301076,1909f56bfc062723c751e8b465ee728b)
Start importing Assets/models/lock/textures/New Material.mat using Guid(89298e5b0d8427742af62e22233fb2ea) Importer(815301076,1909f56bfc062723c751e8b465ee728b)  -> (artifact id: '291d19097571fb7cafb7955ff984ccc8') in 0.110783 seconds 
========================================================================
Received Import Request.
  Time since last request: 11.185315 seconds.
  path: Assets/models/lock/textures/Friedmann_Tim_Church_Ground_Normal.png
  artifactKey: Guid(a3d94f938a5ee2747981d72fcb0d4c77) Importer(815301076,1909f56bfc062723c751e8b465ee728b)
Start importing Assets/models/lock/textures/Friedmann_Tim_Church_Ground_Normal.png using Guid(a3d94f938a5ee2747981d72fcb0d4c77) Importer(815301076,1909f56bfc062723c751e8b465ee728b)  -> (artifact id: '2185f3d7193822df6581dee20cbbbcb6') in 0.035186 seconds 
========================================================================
Received Import Request.
  Time since last request: 62.449690 seconds.
  path: Assets/models/lock/textures/New Material 1.mat
  artifactKey: Guid(fe4c74767c32322489b2e2dacfb210ec) Importer(815301076,1909f56bfc062723c751e8b465ee728b)
Start importing Assets/models/lock/textures/New Material 1.mat using Guid(fe4c74767c32322489b2e2dacfb210ec) Importer(815301076,1909f56bfc062723c751e8b465ee728b)  -> (artifact id: '5c7505b0849c25891c2de35c8f1eb22e') in 0.015394 seconds 
========================================================================
Received Import Request.
  Time since last request: 8.715700 seconds.
  path: Assets/models/lock/textures/Friedmann_Tim_Church_Trimsheet_Normal.png
  artifactKey: Guid(e68d87241906b5548a51dd9df6185c2b) Importer(815301076,1909f56bfc062723c751e8b465ee728b)
Start importing Assets/models/lock/textures/Friedmann_Tim_Church_Trimsheet_Normal.png using Guid(e68d87241906b5548a51dd9df6185c2b) Importer(815301076,1909f56bfc062723c751e8b465ee728b)  -> (artifact id: 'eedef3ab70c26086fe7347c6759b9572') in 0.018415 seconds 
========================================================================
Received Import Request.
  Time since last request: 70.389635 seconds.
  path: Assets/models/lock/textures/New Material 2.mat
  artifactKey: Guid(9e520cc6fe19bfc42bef9ddeeb032b58) Importer(815301076,1909f56bfc062723c751e8b465ee728b)
Start importing Assets/models/lock/textures/New Material 2.mat using Guid(9e520cc6fe19bfc42bef9ddeeb032b58) Importer(815301076,1909f56bfc062723c751e8b465ee728b)  -> (artifact id: 'aa1d90783455fdac80cd640d214a13d1') in 0.015049 seconds 
========================================================================
Received Import Request.
  Time since last request: 12.766389 seconds.
  path: Assets/models/lock/textures/Friedmann_Tim_Pillar_Fence_Normal.png
  artifactKey: Guid(9db2e28ac414df242a63698ce4e36390) Importer(815301076,1909f56bfc062723c751e8b465ee728b)
Start importing Assets/models/lock/textures/Friedmann_Tim_Pillar_Fence_Normal.png using Guid(9db2e28ac414df242a63698ce4e36390) Importer(815301076,1909f56bfc062723c751e8b465ee728b)  -> (artifact id: 'e8491e29a0f062b4edbddd1a3dde275a') in 0.018768 seconds 
========================================================================
Received Import Request.
  Time since last request: 64.460276 seconds.
  path: Assets/models/lock/textures/New Material 3.mat
  artifactKey: Guid(2da676e3be3d8d047a0301505a340e83) Importer(815301076,1909f56bfc062723c751e8b465ee728b)
Start importing Assets/models/lock/textures/New Material 3.mat using Guid(2da676e3be3d8d047a0301505a340e83) Importer(815301076,1909f56bfc062723c751e8b465ee728b)  -> (artifact id: 'c702a86968ed2acf0e2493c8fdbca313') in 0.013727 seconds 
========================================================================
Received Import Request.
  Time since last request: 9.977757 seconds.
  path: Assets/models/lock/textures/Friedmann_Tim_Rocks_Tilemap_Normal.png
  artifactKey: Guid(a1fa8c5d42c4dde4db349282cf92ecf0) Importer(815301076,1909f56bfc062723c751e8b465ee728b)
Start importing Assets/models/lock/textures/Friedmann_Tim_Rocks_Tilemap_Normal.png using Guid(a1fa8c5d42c4dde4db349282cf92ecf0) Importer(815301076,1909f56bfc062723c751e8b465ee728b)  -> (artifact id: 'f326272231472f7d7b69db6ff12bccdd') in 0.017392 seconds 
========================================================================
Received Import Request.
  Time since last request: 444.518633 seconds.
  path: Assets/models/lock/location/reni.fbx
  artifactKey: Guid(23d1111779f91b54a8b2174aae20150a) Importer(815301076,1909f56bfc062723c751e8b465ee728b)
Start importing Assets/models/lock/location/reni.fbx using Guid(23d1111779f91b54a8b2174aae20150a) Importer(815301076,1909f56bfc062723c751e8b465ee728b)  -> (artifact id: 'c32f8f1add405a30996c034b398ca05c') in 0.212319 seconds 
========================================================================
Received Import Request.
  Time since last request: 59.862363 seconds.
  path: Assets/models/lock/text/New Material.mat
  artifactKey: Guid(bf45b2610edcd9a44a39a9bcb7d79472) Importer(815301076,1909f56bfc062723c751e8b465ee728b)
Start importing Assets/models/lock/text/New Material.mat using Guid(bf45b2610edcd9a44a39a9bcb7d79472) Importer(815301076,1909f56bfc062723c751e8b465ee728b)  -> (artifact id: 'b58f73b434376ff3a8e65240ea1919aa') in 0.010470 seconds 
========================================================================
Received Import Request.
  Time since last request: 46.763408 seconds.
  path: Assets/models/lock/text/Cube.001_Bake1_PBR_Diffuse.png
  artifactKey: Guid(ba63b9492a376394b91c5ceb78b9eb66) Importer(815301076,1909f56bfc062723c751e8b465ee728b)
Start importing Assets/models/lock/text/Cube.001_Bake1_PBR_Diffuse.png using Guid(ba63b9492a376394b91c5ceb78b9eb66) Importer(815301076,1909f56bfc062723c751e8b465ee728b)  -> (artifact id: '3eae6532522469b2ee31647207fe8d15') in 0.014110 seconds 
========================================================================
Received Import Request.
  Time since last request: 9.829963 seconds.
  path: Assets/models/lock/text/Cube.002_Bake1_PBR_Diffuse.png
  artifactKey: Guid(5d66d8e5432072a438f59479a0449129) Importer(815301076,1909f56bfc062723c751e8b465ee728b)
Start importing Assets/models/lock/text/Cube.002_Bake1_PBR_Diffuse.png using Guid(5d66d8e5432072a438f59479a0449129) Importer(815301076,1909f56bfc062723c751e8b465ee728b)  -> (artifact id: 'dba5bf8ad815d02b2db2f9562010bfa1') in 0.012887 seconds 
========================================================================
Received Import Request.
  Time since last request: 69.431343 seconds.
  path: Assets/models/lock/text/New Material 1.mat
  artifactKey: Guid(1166f576e18a52d43bb0cee65cee2c9b) Importer(815301076,1909f56bfc062723c751e8b465ee728b)
Start importing Assets/models/lock/text/New Material 1.mat using Guid(1166f576e18a52d43bb0cee65cee2c9b) Importer(815301076,1909f56bfc062723c751e8b465ee728b)  -> (artifact id: 'c52df2297d08d417a541e9834919d641') in 0.007336 seconds 
