Using pre-set license
Built from '2021.3/staging' branch; Version is '2021.3.2f1 (d6360bedb9a0) revision 14038539'; Using compiler version '192829333'; Build Type 'Release'
OS: 'Windows 10  (10.0.19045) 64bit CoreSingleLanguage' Language: 'ru' Physical Memory: 15790 MB
BatchMode: 1, IsHumanControllingUs: 0, StartBugReporterOnCrash: 0, Is64bit: 1, IsPro: 1

COMMAND LINE ARGUMENTS:
C:\Program Files\Unity\Hub\Editor\2021.3.2f1\Editor\Unity.exe
-adb2
-batchMode
-noUpm
-name
AssetImportWorker1
-projectPath
D:/Projects/3Dproject/My project
-logFile
Logs/AssetImportWorker1.log
-srvPort
54948
Successfully changed project path to: D:/Projects/3Dproject/My project
D:/Projects/3Dproject/My project
[UnityMemory] Configuration Parameters - Can be set up in boot.config
    "memorysetup-bucket-allocator-granularity=16"
    "memorysetup-bucket-allocator-bucket-count=8"
    "memorysetup-bucket-allocator-block-size=33554432"
    "memorysetup-bucket-allocator-block-count=8"
    "memorysetup-main-allocator-block-size=16777216"
    "memorysetup-thread-allocator-block-size=16777216"
    "memorysetup-gfx-main-allocator-block-size=16777216"
    "memorysetup-gfx-thread-allocator-block-size=16777216"
    "memorysetup-cache-allocator-block-size=4194304"
    "memorysetup-typetree-allocator-block-size=2097152"
    "memorysetup-profiler-bucket-allocator-granularity=16"
    "memorysetup-profiler-bucket-allocator-bucket-count=8"
    "memorysetup-profiler-bucket-allocator-block-size=33554432"
    "memorysetup-profiler-bucket-allocator-block-count=8"
    "memorysetup-profiler-allocator-block-size=16777216"
    "memorysetup-profiler-editor-allocator-block-size=1048576"
    "memorysetup-temp-allocator-size-main=16777216"
    "memorysetup-job-temp-allocator-block-size=2097152"
    "memorysetup-job-temp-allocator-block-size-background=1048576"
    "memorysetup-job-temp-allocator-reduction-small-platforms=262144"
    "memorysetup-temp-allocator-size-background-worker=32768"
    "memorysetup-temp-allocator-size-job-worker=262144"
    "memorysetup-temp-allocator-size-preload-manager=33554432"
    "memorysetup-temp-allocator-size-nav-mesh-worker=65536"
    "memorysetup-temp-allocator-size-audio-worker=65536"
    "memorysetup-temp-allocator-size-cloud-worker=32768"
    "memorysetup-temp-allocator-size-gi-baking-worker=262144"
    "memorysetup-temp-allocator-size-gfx=262144"
Refreshing native plugins compatible for Editor in 66.42 ms, found 3 plugins.
Preloading 0 native plugins for Editor in 0.00 ms.
Initialize engine version: 2021.3.2f1 (d6360bedb9a0)
[Subsystems] Discovering subsystems at path C:/Program Files/Unity/Hub/Editor/2021.3.2f1/Editor/Data/Resources/UnitySubsystems
[Subsystems] Discovering subsystems at path D:/Projects/3Dproject/My project/Assets
GfxDevice: creating device client; threaded=0; jobified=0
Direct3D:
    Version:  Direct3D 11.0 [level 11.1]
    Renderer: NVIDIA GeForce RTX 3060 Laptop GPU (ID=0x2520)
    Vendor:   NVIDIA
    VRAM:     6009 MB
    Driver:   31.0.15.3623
Initialize mono
Mono path[0] = 'C:/Program Files/Unity/Hub/Editor/2021.3.2f1/Editor/Data/Managed'
Mono path[1] = 'C:/Program Files/Unity/Hub/Editor/2021.3.2f1/Editor/Data/MonoBleedingEdge/lib/mono/unityjit-win32'
Mono config path = 'C:/Program Files/Unity/Hub/Editor/2021.3.2f1/Editor/Data/MonoBleedingEdge/etc'
Using monoOptions --debugger-agent=transport=dt_socket,embedding=1,server=y,suspend=n,address=127.0.0.1:56940
Begin MonoManager ReloadAssembly
Registering precompiled unity dll's ...
Register platform support module: C:/Program Files/Unity/Hub/Editor/2021.3.2f1/Editor/Data/PlaybackEngines/WindowsStandaloneSupport/UnityEditor.WindowsStandalone.Extensions.dll
Registered in 0.006821 seconds.
Native extension for WindowsStandalone target not found
Refreshing native plugins compatible for Editor in 65.05 ms, found 3 plugins.
Preloading 0 native plugins for Editor in 0.00 ms.
Mono: successfully reloaded assembly
- Completed reload, in  0.499 seconds
Domain Reload Profiling:
	ReloadAssembly (499ms)
		BeginReloadAssembly (63ms)
			ExecutionOrderSort (0ms)
			DisableScriptedObjects (0ms)
			BackupInstance (0ms)
			ReleaseScriptingObjects (0ms)
			CreateAndSetChildDomain (1ms)
		EndReloadAssembly (345ms)
			LoadAssemblies (60ms)
			RebuildTransferFunctionScriptingTraits (0ms)
			SetupTypeCache (77ms)
			ReleaseScriptCaches (0ms)
			RebuildScriptCaches (21ms)
			SetupLoadedEditorAssemblies (206ms)
				LogAssemblyErrors (0ms)
				InitializePlatformSupportModulesInManaged (7ms)
				SetLoadedEditorAssemblies (0ms)
				RefreshPlugins (65ms)
				BeforeProcessingInitializeOnLoad (1ms)
				ProcessInitializeOnLoadAttributes (95ms)
				ProcessInitializeOnLoadMethodAttributes (37ms)
				AfterProcessingInitializeOnLoad (0ms)
				EditorAssembliesLoaded (0ms)
			ExecutionOrderSort2 (0ms)
			AwakeInstancesAfterBackupRestoration (0ms)
Platform modules already initialized, skipping
Registering precompiled user dll's ...
Registered in 0.003728 seconds.
Begin MonoManager ReloadAssembly
Symbol file LoadedFromMemory doesn't match image D:\Projects\3Dproject\My project\Library\PackageCache\com.unity.visualscripting@1.7.6\Editor\VisualScripting.Core\Dependencies\YamlDotNet\Unity.VisualScripting.YamlDotNet.dll
Symbol file LoadedFromMemory doesn't match image D:\Projects\3Dproject\My project\Library\PackageCache\com.unity.visualscripting@1.7.6\Editor\VisualScripting.Core\Dependencies\DotNetZip\Unity.VisualScripting.IonicZip.dll
Native extension for WindowsStandalone target not found
Refreshing native plugins compatible for Editor in 0.57 ms, found 3 plugins.
Preloading 0 native plugins for Editor in 0.00 ms.
Mono: successfully reloaded assembly
- Completed reload, in  0.796 seconds
Domain Reload Profiling:
	ReloadAssembly (797ms)
		BeginReloadAssembly (98ms)
			ExecutionOrderSort (0ms)
			DisableScriptedObjects (5ms)
			BackupInstance (0ms)
			ReleaseScriptingObjects (0ms)
			CreateAndSetChildDomain (17ms)
		EndReloadAssembly (608ms)
			LoadAssemblies (72ms)
			RebuildTransferFunctionScriptingTraits (0ms)
			SetupTypeCache (192ms)
			ReleaseScriptCaches (0ms)
			RebuildScriptCaches (36ms)
			SetupLoadedEditorAssemblies (282ms)
				LogAssemblyErrors (0ms)
				InitializePlatformSupportModulesInManaged (5ms)
				SetLoadedEditorAssemblies (0ms)
				RefreshPlugins (1ms)
				BeforeProcessingInitializeOnLoad (72ms)
				ProcessInitializeOnLoadAttributes (171ms)
				ProcessInitializeOnLoadMethodAttributes (24ms)
				AfterProcessingInitializeOnLoad (9ms)
				EditorAssembliesLoaded (0ms)
			ExecutionOrderSort2 (0ms)
			AwakeInstancesAfterBackupRestoration (8ms)
Platform modules already initialized, skipping
========================================================================
Worker process is ready to serve import requests
Launched and connected shader compiler UnityShaderCompiler.exe after 0.06 seconds
Refreshing native plugins compatible for Editor in 1.12 ms, found 3 plugins.
Preloading 0 native plugins for Editor in 0.00 ms.
Unloading 3360 Unused Serialized files (Serialized files now loaded: 0)
Unloading 26 unused Assets / (112.4 KB). Loaded Objects now: 3817.
Memory consumption went from 115.8 MB to 115.6 MB.
Total: 3.648500 ms (FindLiveObjects: 0.463200 ms CreateObjectMapping: 0.183000 ms MarkObjects: 2.895500 ms  DeleteObjects: 0.105600 ms)

AssetImportParameters requested are different than current active one (requested -> active):
  custom:video-decoder-ogg-theora: a1e56fd34408186e4bbccfd4996cb3dc -> 
  custom:container-muxer-webm: aa71ff27fc2769a1b78a27578f13a17b -> 
  custom:container-demuxer-webm: 4f35f7cbe854078d1ac9338744f61a02 -> 
  custom:video-encoder-webm-vp8: eb34c28f22e8b96e1ab97ce403110664 -> 
  custom:audio-encoder-webm-vorbis: bf7c407c2cedff20999df2af8eb42d56 -> 
  custom:framework-win-MediaFoundation: 216162199b28c13a410421893ffa2e32 -> 
  custom:container-demuxer-ogg: 62fdf1f143b41e24485cea50d1cbac27 -> 
  custom:video-decoder-webm-vp8: 9c59270c3fd7afecdb556c50c9e8de78 -> 
  custom:audio-decoder-ogg-vorbis: bf7c407c2cedff20999df2af8eb42d56 -> 
========================================================================
Received Import Request.
  Time since last request: 515597.039285 seconds.
  path: Assets/models/haos.fbx
  artifactKey: Guid(10250dab9dbcea141b8cef8211a70056) Importer(815301076,1909f56bfc062723c751e8b465ee728b)
Start importing Assets/models/haos.fbx using Guid(10250dab9dbcea141b8cef8211a70056) Importer(815301076,1909f56bfc062723c751e8b465ee728b)  -> (artifact id: '012d5380de9d2241bc790ad5b84a234f') in 0.242641 seconds 
========================================================================
Received Import Request.
  Time since last request: 116.696226 seconds.
  path: Assets/models/lock/textures/Cube.001_Bake1_PBR_Diffuse.png
  artifactKey: Guid(ba63b9492a376394b91c5ceb78b9eb66) Importer(815301076,1909f56bfc062723c751e8b465ee728b)
Start importing Assets/models/lock/textures/Cube.001_Bake1_PBR_Diffuse.png using Guid(ba63b9492a376394b91c5ceb78b9eb66) Importer(815301076,1909f56bfc062723c751e8b465ee728b)  -> (artifact id: 'dd5e962067b9ccc506e4918a643b2e2d') in 0.027191 seconds 
========================================================================
Received Import Request.
  Time since last request: 0.000029 seconds.
  path: Assets/models/lock/textures/vf1fddhiw_4K_Normal_LOD0.jpg
  artifactKey: Guid(a6ddf2f3b39fe9248b43f2060dfdee9d) Importer(815301076,1909f56bfc062723c751e8b465ee728b)
Start importing Assets/models/lock/textures/vf1fddhiw_4K_Normal_LOD0.jpg using Guid(a6ddf2f3b39fe9248b43f2060dfdee9d) Importer(815301076,1909f56bfc062723c751e8b465ee728b)  -> (artifact id: '92b8bf232a7ed8b9b771362a273637cf') in 0.025252 seconds 
========================================================================
Received Import Request.
  Time since last request: 0.000064 seconds.
  path: Assets/models/lock/textures/vf1fddhiw_4K_Roughness.jpg
  artifactKey: Guid(34d834af4368c8945802c2095e4f9a02) Importer(815301076,1909f56bfc062723c751e8b465ee728b)
Start importing Assets/models/lock/textures/vf1fddhiw_4K_Roughness.jpg using Guid(34d834af4368c8945802c2095e4f9a02) Importer(815301076,1909f56bfc062723c751e8b465ee728b)  -> (artifact id: 'a4c44442027cadff2c0c3b301e13522a') in 0.017410 seconds 
========================================================================
Received Import Request.
  Time since last request: 0.000034 seconds.
  path: Assets/models/lock/textures/Cube.002_Bake1_PBR_Diffuse.png
  artifactKey: Guid(5d66d8e5432072a438f59479a0449129) Importer(815301076,1909f56bfc062723c751e8b465ee728b)
Start importing Assets/models/lock/textures/Cube.002_Bake1_PBR_Diffuse.png using Guid(5d66d8e5432072a438f59479a0449129) Importer(815301076,1909f56bfc062723c751e8b465ee728b)  -> (artifact id: '20223775a175c91651b626ce3b2278a7') in 0.022320 seconds 
========================================================================
Received Import Request.
  Time since last request: 0.000030 seconds.
  path: Assets/models/lock/textures/pgjewgp_4K_Normal.jpg
  artifactKey: Guid(3a71ecee47d315f4b8ce9b9c68f56d86) Importer(815301076,1909f56bfc062723c751e8b465ee728b)
Start importing Assets/models/lock/textures/pgjewgp_4K_Normal.jpg using Guid(3a71ecee47d315f4b8ce9b9c68f56d86) Importer(815301076,1909f56bfc062723c751e8b465ee728b)  -> (artifact id: 'c21a3bd8d6e9c94239a78d49995c466e') in 0.019977 seconds 
========================================================================
Received Import Request.
  Time since last request: 0.000050 seconds.
  path: Assets/models/lock/textures/pgjewgp_4K_Roughness.jpg
  artifactKey: Guid(13d247bd028d95a4f9a6e3b1fc2ade14) Importer(815301076,1909f56bfc062723c751e8b465ee728b)
Start importing Assets/models/lock/textures/pgjewgp_4K_Roughness.jpg using Guid(13d247bd028d95a4f9a6e3b1fc2ade14) Importer(815301076,1909f56bfc062723c751e8b465ee728b)  -> (artifact id: '61c8fe1421d8347ae859fc1dba525e9c') in 0.019721 seconds 
========================================================================
Received Import Request.
  Time since last request: 0.000032 seconds.
  path: Assets/models/lock/textures/vdjlainaa_4K_Roughness.jpg
  artifactKey: Guid(278cb3cb665dd8c43a7c8a2f2c3230c4) Importer(815301076,1909f56bfc062723c751e8b465ee728b)
Start importing Assets/models/lock/textures/vdjlainaa_4K_Roughness.jpg using Guid(278cb3cb665dd8c43a7c8a2f2c3230c4) Importer(815301076,1909f56bfc062723c751e8b465ee728b)  -> (artifact id: '6576f058975d8a5ecefb773cdba81990') in 0.016557 seconds 
Editor requested this worker to shutdown with reason: Scaling down because of idle timeout
AssetImportWorker is now disconnected from the server
Process exiting
Exiting without the bug reporter. Application will terminate with return code 0